<html>
<head>
<title>TestNG:  TestSuite</title>
<link href="../testng.css" rel="stylesheet" type="text/css" />
<link href="../my-testng.css" rel="stylesheet" type="text/css" />

<style type="text/css">
.log { display: none;} 
.stack-trace { display: none;} 
</style>
<script type="text/javascript">
<!--
function flip(e) {
  current = e.style.display;
  if (current == 'block') {
    e.style.display = 'none';
    return 0;
  }
  else {
    e.style.display = 'block';
    return 1;
  }
}

function toggleBox(szDivId, elem, msg1, msg2)
{
  var res = -1;  if (document.getElementById) {
    res = flip(document.getElementById(szDivId));
  }
  else if (document.all) {
    // this is the way old msie versions work
    res = flip(document.all[szDivId]);
  }
  if(elem) {
    if(res == 0) elem.innerHTML = msg1; else elem.innerHTML = msg2;
  }

}

function toggleAllBoxes() {
  if (document.getElementsByTagName) {
    d = document.getElementsByTagName('div');
    for (i = 0; i < d.length; i++) {
      if (d[i].className == 'log') {
        flip(d[i]);
      }
    }
  }
}

// -->
</script>

</head>
<body>
<h2 align='center'>TestSuite</h2><table border='1' align="center">
<tr>
<td>Tests passed/Failed/Skipped:</td><td>18/1/0</td>
</tr><tr>
<td>Started on:</td><td>Sat Nov 28 19:20:36 EST 2020</td>
</tr>
<tr><td>Total time:</td><td>98 seconds (98122 ms)</td>
</tr><tr>
<td>Included groups:</td><td></td>
</tr><tr>
<td>Excluded groups:</td><td></td>
</tr>
</table><p/>
<small><i>(Hover the method name to see the test class name)</i></small><p/>
<table width='100%' border='1' class='invocation-failed'>
<tr><td colspan='4' align='center'><b>FAILED TESTS</b></td></tr>
<tr><td><b>Test method</b></td>
<td width="30%"><b>Exception</b></td>
<td width="10%"><b>Time (seconds)</b></td>
<td><b>Instance</b></td>
</tr>
<tr>
<td title='testCases.Eleven_FileUpload.fileUpload_11()'><b>fileUpload_11</b><br>Test class: testCases.Eleven_FileUpload</td>
<td><div><pre>org.openqa.selenium.InvalidArgumentException: invalid argument
  (Session info: chrome=86.0.4240.198)
Build info: version: &apos;3.141.59&apos;, revision: &apos;e82be7d358&apos;, time: &apos;2018-11-14T08:17:03&apos;
System info: host: &apos;mds-MacBook-Pro.local&apos;, ip: &apos;fe80:0:0:0:480:cea1:d91e:f406%en0&apos;, os.name: &apos;Mac OS X&apos;, os.arch: &apos;x86_64&apos;, os.version: &apos;10.15.7&apos;, java.version: &apos;10.0.1&apos;
Driver info: org.openqa.selenium.chrome.ChromeDriver
Capabilities {acceptInsecureCerts: false, browserName: chrome, browserVersion: 86.0.4240.198, chrome: {chromedriverVersion: 86.0.4240.22 (398b0743353ff..., userDataDir: /var/folders/jw/8yfkq0rd1vb...}, goog:chromeOptions: {debuggerAddress: localhost:52040}, javascriptEnabled: true, networkConnectionEnabled: false, pageLoadStrategy: normal, platform: MAC, platformName: MAC, proxy: Proxy(), setWindowRect: true, strictFileInteractability: false, timeouts: {implicit: 0, pageLoad: 300000, script: 30000}, unhandledPromptBehavior: dismiss and notify, webauthn:virtualAuthenticators: true}
Session ID: 4d9daa89e60dcf98ddc917f9ee8a2b05
	at org.openqa.selenium.remote.http.W3CHttpResponseCodec.createException(W3CHttpResponseCodec.java:187)
	at org.openqa.selenium.remote.http.W3CHttpResponseCodec.decode(W3CHttpResponseCodec.java:122)
	at org.openqa.selenium.remote.http.W3CHttpResponseCodec.decode(W3CHttpResponseCodec.java:49)
	at org.openqa.selenium.remote.HttpCommandExecutor.execute(HttpCommandExecutor.java:158)
	at org.openqa.selenium.remote.service.DriverCommandExecutor.execute(DriverCommandExecutor.java:83)
	at org.openqa.selenium.remote.RemoteWebDriver.execute(RemoteWebDriver.java:552)
	at org.openqa.selenium.remote.RemoteWebElement.execute(RemoteWebElement.java:285)
	at org.openqa.selenium.remote.RemoteWebElement.click(RemoteWebElement.java:84)
	at org.openqa.selenium.support.pagefactory.internal.LocatingElementHandler.invoke(LocatingElementHandler.java:51)
	at com.sun.proxy.$Proxy13.click(Unknown Source)
	at testCases.Eleven_FileUpload.fileUpload_11(Eleven_FileUpload.java:31)
... Removed 33 stack frames</pre></div><a href='#' onClick='toggleBox("stack-trace569661948", this, "Click to show all stack frames", "Click to hide stack frames")'>Click to show all stack frames</a>
<div class='stack-trace' id='stack-trace569661948'><pre>org.openqa.selenium.InvalidArgumentException: invalid argument
  (Session info: chrome=86.0.4240.198)
Build info: version: &apos;3.141.59&apos;, revision: &apos;e82be7d358&apos;, time: &apos;2018-11-14T08:17:03&apos;
System info: host: &apos;mds-MacBook-Pro.local&apos;, ip: &apos;fe80:0:0:0:480:cea1:d91e:f406%en0&apos;, os.name: &apos;Mac OS X&apos;, os.arch: &apos;x86_64&apos;, os.version: &apos;10.15.7&apos;, java.version: &apos;10.0.1&apos;
Driver info: org.openqa.selenium.chrome.ChromeDriver
Capabilities {acceptInsecureCerts: false, browserName: chrome, browserVersion: 86.0.4240.198, chrome: {chromedriverVersion: 86.0.4240.22 (398b0743353ff..., userDataDir: /var/folders/jw/8yfkq0rd1vb...}, goog:chromeOptions: {debuggerAddress: localhost:52040}, javascriptEnabled: true, networkConnectionEnabled: false, pageLoadStrategy: normal, platform: MAC, platformName: MAC, proxy: Proxy(), setWindowRect: true, strictFileInteractability: false, timeouts: {implicit: 0, pageLoad: 300000, script: 30000}, unhandledPromptBehavior: dismiss and notify, webauthn:virtualAuthenticators: true}
Session ID: 4d9daa89e60dcf98ddc917f9ee8a2b05
	at java.base/jdk.internal.reflect.NativeConstructorAccessorImpl.newInstance0(Native Method)
	at java.base/jdk.internal.reflect.NativeConstructorAccessorImpl.newInstance(NativeConstructorAccessorImpl.java:62)
	at java.base/jdk.internal.reflect.DelegatingConstructorAccessorImpl.newInstance(DelegatingConstructorAccessorImpl.java:45)
	at java.base/java.lang.reflect.Constructor.newInstance(Constructor.java:488)
	at org.openqa.selenium.remote.http.W3CHttpResponseCodec.createException(W3CHttpResponseCodec.java:187)
	at org.openqa.selenium.remote.http.W3CHttpResponseCodec.decode(W3CHttpResponseCodec.java:122)
	at org.openqa.selenium.remote.http.W3CHttpResponseCodec.decode(W3CHttpResponseCodec.java:49)
	at org.openqa.selenium.remote.HttpCommandExecutor.execute(HttpCommandExecutor.java:158)
	at org.openqa.selenium.remote.service.DriverCommandExecutor.execute(DriverCommandExecutor.java:83)
	at org.openqa.selenium.remote.RemoteWebDriver.execute(RemoteWebDriver.java:552)
	at org.openqa.selenium.remote.RemoteWebElement.execute(RemoteWebElement.java:285)
	at org.openqa.selenium.remote.RemoteWebElement.click(RemoteWebElement.java:84)
	at java.base/jdk.internal.reflect.NativeMethodAccessorImpl.invoke0(Native Method)
	at java.base/jdk.internal.reflect.NativeMethodAccessorImpl.invoke(NativeMethodAccessorImpl.java:62)
	at java.base/jdk.internal.reflect.DelegatingMethodAccessorImpl.invoke(DelegatingMethodAccessorImpl.java:43)
	at java.base/java.lang.reflect.Method.invoke(Method.java:564)
	at org.openqa.selenium.support.pagefactory.internal.LocatingElementHandler.invoke(LocatingElementHandler.java:51)
	at com.sun.proxy.$Proxy13.click(Unknown Source)
	at testCases.Eleven_FileUpload.fileUpload_11(Eleven_FileUpload.java:31)
	at java.base/jdk.internal.reflect.NativeMethodAccessorImpl.invoke0(Native Method)
	at java.base/jdk.internal.reflect.NativeMethodAccessorImpl.invoke(NativeMethodAccessorImpl.java:62)
	at java.base/jdk.internal.reflect.DelegatingMethodAccessorImpl.invoke(DelegatingMethodAccessorImpl.java:43)
	at java.base/java.lang.reflect.Method.invoke(Method.java:564)
	at org.testng.internal.MethodInvocationHelper.invokeMethod(MethodInvocationHelper.java:104)
	at org.testng.internal.Invoker.invokeMethod(Invoker.java:645)
	at org.testng.internal.Invoker.invokeTestMethod(Invoker.java:851)
	at org.testng.internal.Invoker.invokeTestMethods(Invoker.java:1177)
	at org.testng.internal.TestMethodWorker.invokeTestMethods(TestMethodWorker.java:129)
	at org.testng.internal.TestMethodWorker.run(TestMethodWorker.java:112)
	at org.testng.TestRunner.privateRun(TestRunner.java:756)
	at org.testng.TestRunner.run(TestRunner.java:610)
	at org.testng.SuiteRunner.runTest(SuiteRunner.java:387)
	at org.testng.SuiteRunner.runSequentially(SuiteRunner.java:382)
	at org.testng.SuiteRunner.privateRun(SuiteRunner.java:340)
	at org.testng.SuiteRunner.run(SuiteRunner.java:289)
	at org.testng.SuiteRunnerWorker.runSuite(SuiteRunnerWorker.java:52)
	at org.testng.SuiteRunnerWorker.run(SuiteRunnerWorker.java:86)
	at org.testng.TestNG.runSuitesSequentially(TestNG.java:1293)
	at org.testng.TestNG.runSuitesLocally(TestNG.java:1218)
	at org.testng.TestNG.runSuites(TestNG.java:1133)
	at org.testng.TestNG.run(TestNG.java:1104)
	at org.testng.remote.AbstractRemoteTestNG.run(AbstractRemoteTestNG.java:114)
	at org.testng.remote.RemoteTestNG.initAndRun(RemoteTestNG.java:251)
	at org.testng.remote.RemoteTestNG.main(RemoteTestNG.java:77)
</pre></div></td>
<td>2</td>
<td>testCases.Eleven_FileUpload@6a2f6f80</td></tr>
</table><p>
<table width='100%' border='1' class='invocation-passed'>
<tr><td colspan='4' align='center'><b>PASSED TESTS</b></td></tr>
<tr><td><b>Test method</b></td>
<td width="30%"><b>Exception</b></td>
<td width="10%"><b>Time (seconds)</b></td>
<td><b>Instance</b></td>
</tr>
<tr>
<td title='testCases.Three_CheckBoxes.checkBoxes()'><b>checkBoxes</b><br>Test class: testCases.Three_CheckBoxes</td>
<td></td>
<td>3</td>
<td>testCases.Three_CheckBoxes@394df057</td></tr>
<tr>
<td title='testCases.Four_Context_menu.context_menu()'><b>context_menu</b><br>Test class: testCases.Four_Context_menu</td>
<td></td>
<td>2</td>
<td>testCases.Four_Context_menu@4961f6af</td></tr>
<tr>
<td title='testCases.Nineteen_WebTable.dataTable()'><b>dataTable</b><br>Test class: testCases.Nineteen_WebTable</td>
<td></td>
<td>4</td>
<td>testCases.Nineteen_WebTable@f79e</td></tr>
<tr>
<td title='testCases.Five_Drag_and_drop.drag_and_drop()'><b>drag_and_drop</b><br>Test class: testCases.Five_Drag_and_drop</td>
<td></td>
<td>2</td>
<td>testCases.Five_Drag_and_drop@5aebe890</td></tr>
<tr>
<td title='testCases.Six_Dropdown.dropdown()'><b>dropdown</b><br>Test class: testCases.Six_Dropdown</td>
<td></td>
<td>1</td>
<td>testCases.Six_Dropdown@65d09a04</td></tr>
<tr>
<td title='testCases.Nine_DynamicLoading.dynamicLoading_9()'><b>dynamicLoading_9</b><br>Test class: testCases.Nine_DynamicLoading</td>
<td></td>
<td>6</td>
<td>testCases.Nine_DynamicLoading@707194ba</td></tr>
<tr>
<td title='testCases.Seven_Dynamic_content.dynamic_content()'><b>dynamic_content</b><br>Test class: testCases.Seven_Dynamic_content</td>
<td></td>
<td>2</td>
<td>testCases.Seven_Dynamic_content@33c911a1</td></tr>
<tr>
<td title='testCases.Ten_FileDownload.fileDownload_10()'><b>fileDownload_10</b><br>Test class: testCases.Ten_FileDownload</td>
<td></td>
<td>3</td>
<td>testCases.Ten_FileDownload@1190200a</td></tr>
<tr>
<td title='testCases.Twelve_FloatingMenu_Scroll.floatingMenu_12()'><b>floatingMenu_12</b><br>Test class: testCases.Twelve_FloatingMenu_Scroll</td>
<td></td>
<td>3</td>
<td>testCases.Twelve_FloatingMenu_Scroll@45b4c3a9</td></tr>
<tr>
<td title='testCases.Thirteen_Iframe.iframe_13()'><b>iframe_13</b><br>Test class: testCases.Thirteen_Iframe</td>
<td></td>
<td>7</td>
<td>testCases.Thirteen_Iframe@399c4be1</td></tr>
<tr>
<td title='testCases.Fifteen_JavascriptAlert.javascriptAlert_15()'><b>javascriptAlert_15</b><br>Test class: testCases.Fifteen_JavascriptAlert</td>
<td></td>
<td>12</td>
<td>testCases.Fifteen_JavascriptAlert@385e9564</td></tr>
<tr>
<td title='testCases.Sixteen_JavascriptError.javascriptError_16()'><b>javascriptError_16</b><br>Test class: testCases.Sixteen_JavascriptError</td>
<td></td>
<td>1</td>
<td>testCases.Sixteen_JavascriptError@5b94b04d</td></tr>
<tr>
<td title='testCases.Fourteen_MouseHover.mouseHover_14()'><b>mouseHover_14</b><br>Test class: testCases.Fourteen_MouseHover</td>
<td></td>
<td>9</td>
<td>testCases.Fourteen_MouseHover@291caca8</td></tr>
<tr>
<td title='testCases.Eighteen_NotificaitonMessage.notificaitonMessage_18()'><b>notificaitonMessage_18</b><br>Test class: testCases.Eighteen_NotificaitonMessage</td>
<td></td>
<td>3</td>
<td>testCases.Eighteen_NotificaitonMessage@4c39bec8</td></tr>
<tr>
<td title='testCases.Seventeen_OpenNewTab.openNewTab_17()'><b>openNewTab_17</b><br>Test class: testCases.Seventeen_OpenNewTab</td>
<td></td>
<td>5</td>
<td>testCases.Seventeen_OpenNewTab@8c3b9d</td></tr>
<tr>
<td title='testCases.One_LoginSuccess.userAbleToValidateErrorTextOnSignInpage()'><b>userAbleToValidateErrorTextOnSignInpage</b><br>Test class: testCases.One_LoginSuccess</td>
<td></td>
<td>0</td>
<td>testCases.One_LoginSuccess@58a9760d</td></tr>
<tr>
<td title='testCases.Two_LoginFailure.userAbleToValidateErrorTextOnSignInpage()'><b>userAbleToValidateErrorTextOnSignInpage</b><br>Test class: testCases.Two_LoginFailure</td>
<td></td>
<td>0</td>
<td>testCases.Two_LoginFailure@71e9ddb4</td></tr>
<tr>
<td title='testCases.Eight_Dynamic_controls.userAbleToValidateErrorTextOnSignInpage()'><b>userAbleToValidateErrorTextOnSignInpage</b><br>Test class: testCases.Eight_Dynamic_controls</td>
<td></td>
<td>0</td>
<td>testCases.Eight_Dynamic_controls@75db5df9</td></tr>
</table><p>
</body>
</html>