<?xml version="1.0" encoding="UTF-8"?>
<!-- Generated by org.testng.reporters.JUnitXMLReporter -->
<testsuite ignored="0" hostname="mds-MacBook-Pro.local" failures="1" tests="19" name="TestSuite" time="98.122" errors="0" timestamp="29 Nov 2020 00:22:19 GMT">
  <testcase classname="testCases.One_LoginSuccess" name="userAbleToValidateErrorTextOnSignInpage" time="0.491"/>
  <testcase classname="testCases.Two_LoginFailure" name="userAbleToValidateErrorTextOnSignInpage" time="0.498"/>
  <testcase classname="testCases.Three_CheckBoxes" name="checkBoxes" time="3.212"/>
  <testcase classname="testCases.Four_Context_menu" name="context_menu" time="2.262"/>
  <testcase classname="testCases.Five_Drag_and_drop" name="drag_and_drop" time="2.471"/>
  <testcase classname="testCases.Six_Dropdown" name="dropdown" time="1.309"/>
  <testcase classname="testCases.Seven_Dynamic_content" name="dynamic_content" time="2.268"/>
  <testcase classname="testCases.Eight_Dynamic_controls" name="userAbleToValidateErrorTextOnSignInpage" time="0.141"/>
  <testcase classname="testCases.Nine_DynamicLoading" name="dynamicLoading_9" time="6.194"/>
  <testcase classname="testCases.Ten_FileDownload" name="fileDownload_10" time="3.179"/>
  <testcase classname="testCases.Eleven_FileUpload" name="fileUpload_11" time="2.172">
    <failure type="org.openqa.selenium.InvalidArgumentException" message="invalid argument
  (Session info: chrome=86.0.4240.198)
Build info: version: &amp;apos;3.141.59&amp;apos;, revision: &amp;apos;e82be7d358&amp;apos;, time: &amp;apos;2018-11-14T08:17:03&amp;apos;
System info: host: &amp;apos;mds-MacBook-Pro.local&amp;apos;, ip: &amp;apos;fe80:0:0:0:480:cea1:d91e:f406%en0&amp;apos;, os.name: &amp;apos;Mac OS X&amp;apos;, os.arch: &amp;apos;x86_64&amp;apos;, os.version: &amp;apos;10.15.7&amp;apos;, java.version: &amp;apos;10.0.1&amp;apos;
Driver info: org.openqa.selenium.chrome.ChromeDriver
Capabilities {acceptInsecureCerts: false, browserName: chrome, browserVersion: 86.0.4240.198, chrome: {chromedriverVersion: 86.0.4240.22 (398b0743353ff..., userDataDir: /var/folders/jw/8yfkq0rd1vb...}, goog:chromeOptions: {debuggerAddress: localhost:52040}, javascriptEnabled: true, networkConnectionEnabled: false, pageLoadStrategy: normal, platform: MAC, platformName: MAC, proxy: Proxy(), setWindowRect: true, strictFileInteractability: false, timeouts: {implicit: 0, pageLoad: 300000, script: 30000}, unhandledPromptBehavior: dismiss and notify, webauthn:virtualAuthenticators: true}
Session ID: 4d9daa89e60dcf98ddc917f9ee8a2b05">
      <![CDATA[org.openqa.selenium.InvalidArgumentException: invalid argument
  (Session info: chrome=86.0.4240.198)
Build info: version: '3.141.59', revision: 'e82be7d358', time: '2018-11-14T08:17:03'
System info: host: 'mds-MacBook-Pro.local', ip: 'fe80:0:0:0:480:cea1:d91e:f406%en0', os.name: 'Mac OS X', os.arch: 'x86_64', os.version: '10.15.7', java.version: '10.0.1'
Driver info: org.openqa.selenium.chrome.ChromeDriver
Capabilities {acceptInsecureCerts: false, browserName: chrome, browserVersion: 86.0.4240.198, chrome: {chromedriverVersion: 86.0.4240.22 (398b0743353ff..., userDataDir: /var/folders/jw/8yfkq0rd1vb...}, goog:chromeOptions: {debuggerAddress: localhost:52040}, javascriptEnabled: true, networkConnectionEnabled: false, pageLoadStrategy: normal, platform: MAC, platformName: MAC, proxy: Proxy(), setWindowRect: true, strictFileInteractability: false, timeouts: {implicit: 0, pageLoad: 300000, script: 30000}, unhandledPromptBehavior: dismiss and notify, webauthn:virtualAuthenticators: true}
Session ID: 4d9daa89e60dcf98ddc917f9ee8a2b05
	at org.openqa.selenium.remote.http.W3CHttpResponseCodec.createException(W3CHttpResponseCodec.java:187)
	at org.openqa.selenium.remote.http.W3CHttpResponseCodec.decode(W3CHttpResponseCodec.java:122)
	at org.openqa.selenium.remote.http.W3CHttpResponseCodec.decode(W3CHttpResponseCodec.java:49)
	at org.openqa.selenium.remote.HttpCommandExecutor.execute(HttpCommandExecutor.java:158)
	at org.openqa.selenium.remote.service.DriverCommandExecutor.execute(DriverCommandExecutor.java:83)
	at org.openqa.selenium.remote.RemoteWebDriver.execute(RemoteWebDriver.java:552)
	at org.openqa.selenium.remote.RemoteWebElement.execute(RemoteWebElement.java:285)
	at org.openqa.selenium.remote.RemoteWebElement.click(RemoteWebElement.java:84)
	at org.openqa.selenium.support.pagefactory.internal.LocatingElementHandler.invoke(LocatingElementHandler.java:51)
	at com.sun.proxy.$Proxy13.click(Unknown Source)
	at testCases.Eleven_FileUpload.fileUpload_11(Eleven_FileUpload.java:31)
... Removed 33 stack frames]]>
    </failure>
  </testcase> <!-- fileUpload_11 -->
  <testcase classname="testCases.Twelve_FloatingMenu_Scroll" name="floatingMenu_12" time="3.145"/>
  <testcase classname="testCases.Thirteen_Iframe" name="iframe_13" time="7.451"/>
  <testcase classname="testCases.Fourteen_MouseHover" name="mouseHover_14" time="9.545"/>
  <testcase classname="testCases.Fifteen_JavascriptAlert" name="javascriptAlert_15" time="12.342"/>
  <testcase classname="testCases.Sixteen_JavascriptError" name="javascriptError_16" time="1.068"/>
  <testcase classname="testCases.Seventeen_OpenNewTab" name="openNewTab_17" time="5.252"/>
  <testcase classname="testCases.Eighteen_NotificaitonMessage" name="notificaitonMessage_18" time="3.3"/>
  <testcase classname="testCases.Nineteen_WebTable" name="dataTable" time="4.676"/>
</testsuite> <!-- TestSuite -->
